Determining if the Q_WS_WIN exist failed with the following output:
Change Dir: /home/lukey15/Research/iAnt-repo/Experiments_code/CPFA-ARGoS/build/CMakeFiles/CMakeTmp

Run Build Command:"/usr/bin/make" "cmTC_8ef0b/fast"
/usr/bin/make -f CMakeFiles/cmTC_8ef0b.dir/build.make CMakeFiles/cmTC_8ef0b.dir/build
make[1]: Entering directory '/home/lukey15/Research/iAnt-repo/Experiments_code/CPFA-ARGoS/build/CMakeFiles/CMakeTmp'
Building CXX object CMakeFiles/cmTC_8ef0b.dir/CheckSymbolExists.cxx.o
/usr/bin/c++    -I/usr/include/qt4  -std=c++0x    -o CMakeFiles/cmTC_8ef0b.dir/CheckSymbolExists.cxx.o -c /home/lukey15/Research/iAnt-repo/Experiments_code/CPFA-ARGoS/build/CMakeFiles/CMakeTmp/CheckSymbolExists.cxx
/home/lukey15/Research/iAnt-repo/Experiments_code/CPFA-ARGoS/build/CMakeFiles/CMakeTmp/CheckSymbolExists.cxx: In function ‘int main(int, char**)’:
/home/lukey15/Research/iAnt-repo/Experiments_code/CPFA-ARGoS/build/CMakeFiles/CMakeTmp/CheckSymbolExists.cxx:8:19: error: ‘Q_WS_WIN’ was not declared in this scope
   return ((int*)(&Q_WS_WIN))[argc];
                   ^
CMakeFiles/cmTC_8ef0b.dir/build.make:65: recipe for target 'CMakeFiles/cmTC_8ef0b.dir/CheckSymbolExists.cxx.o' failed
make[1]: *** [CMakeFiles/cmTC_8ef0b.dir/CheckSymbolExists.cxx.o] Error 1
make[1]: Leaving directory '/home/lukey15/Research/iAnt-repo/Experiments_code/CPFA-ARGoS/build/CMakeFiles/CMakeTmp'
Makefile:126: recipe for target 'cmTC_8ef0b/fast' failed
make: *** [cmTC_8ef0b/fast] Error 2

File /home/lukey15/Research/iAnt-repo/Experiments_code/CPFA-ARGoS/build/CMakeFiles/CMakeTmp/CheckSymbolExists.cxx:
/* */
#include <QtCore/qglobal.h>

int main(int argc, char** argv)
{
  (void)argv;
#ifndef Q_WS_WIN
  return ((int*)(&Q_WS_WIN))[argc];
#else
  (void)argc;
  return 0;
#endif
}

Determining if the Q_WS_QWS exist failed with the following output:
Change Dir: /home/lukey15/Research/iAnt-repo/Experiments_code/CPFA-ARGoS/build/CMakeFiles/CMakeTmp

Run Build Command:"/usr/bin/make" "cmTC_ee265/fast"
/usr/bin/make -f CMakeFiles/cmTC_ee265.dir/build.make CMakeFiles/cmTC_ee265.dir/build
make[1]: Entering directory '/home/lukey15/Research/iAnt-repo/Experiments_code/CPFA-ARGoS/build/CMakeFiles/CMakeTmp'
Building CXX object CMakeFiles/cmTC_ee265.dir/CheckSymbolExists.cxx.o
/usr/bin/c++    -I/usr/include/qt4  -std=c++0x    -o CMakeFiles/cmTC_ee265.dir/CheckSymbolExists.cxx.o -c /home/lukey15/Research/iAnt-repo/Experiments_code/CPFA-ARGoS/build/CMakeFiles/CMakeTmp/CheckSymbolExists.cxx
/home/lukey15/Research/iAnt-repo/Experiments_code/CPFA-ARGoS/build/CMakeFiles/CMakeTmp/CheckSymbolExists.cxx: In function ‘int main(int, char**)’:
/home/lukey15/Research/iAnt-repo/Experiments_code/CPFA-ARGoS/build/CMakeFiles/CMakeTmp/CheckSymbolExists.cxx:8:19: error: ‘Q_WS_QWS’ was not declared in this scope
   return ((int*)(&Q_WS_QWS))[argc];
                   ^
CMakeFiles/cmTC_ee265.dir/build.make:65: recipe for target 'CMakeFiles/cmTC_ee265.dir/CheckSymbolExists.cxx.o' failed
make[1]: *** [CMakeFiles/cmTC_ee265.dir/CheckSymbolExists.cxx.o] Error 1
make[1]: Leaving directory '/home/lukey15/Research/iAnt-repo/Experiments_code/CPFA-ARGoS/build/CMakeFiles/CMakeTmp'
Makefile:126: recipe for target 'cmTC_ee265/fast' failed
make: *** [cmTC_ee265/fast] Error 2

File /home/lukey15/Research/iAnt-repo/Experiments_code/CPFA-ARGoS/build/CMakeFiles/CMakeTmp/CheckSymbolExists.cxx:
/* */
#include <QtCore/qglobal.h>

int main(int argc, char** argv)
{
  (void)argv;
#ifndef Q_WS_QWS
  return ((int*)(&Q_WS_QWS))[argc];
#else
  (void)argc;
  return 0;
#endif
}

Determining if the Q_WS_MAC exist failed with the following output:
Change Dir: /home/lukey15/Research/iAnt-repo/Experiments_code/CPFA-ARGoS/build/CMakeFiles/CMakeTmp

Run Build Command:"/usr/bin/make" "cmTC_1e316/fast"
/usr/bin/make -f CMakeFiles/cmTC_1e316.dir/build.make CMakeFiles/cmTC_1e316.dir/build
make[1]: Entering directory '/home/lukey15/Research/iAnt-repo/Experiments_code/CPFA-ARGoS/build/CMakeFiles/CMakeTmp'
Building CXX object CMakeFiles/cmTC_1e316.dir/CheckSymbolExists.cxx.o
/usr/bin/c++    -I/usr/include/qt4  -std=c++0x    -o CMakeFiles/cmTC_1e316.dir/CheckSymbolExists.cxx.o -c /home/lukey15/Research/iAnt-repo/Experiments_code/CPFA-ARGoS/build/CMakeFiles/CMakeTmp/CheckSymbolExists.cxx
/home/lukey15/Research/iAnt-repo/Experiments_code/CPFA-ARGoS/build/CMakeFiles/CMakeTmp/CheckSymbolExists.cxx: In function ‘int main(int, char**)’:
/home/lukey15/Research/iAnt-repo/Experiments_code/CPFA-ARGoS/build/CMakeFiles/CMakeTmp/CheckSymbolExists.cxx:8:19: error: ‘Q_WS_MAC’ was not declared in this scope
   return ((int*)(&Q_WS_MAC))[argc];
                   ^
CMakeFiles/cmTC_1e316.dir/build.make:65: recipe for target 'CMakeFiles/cmTC_1e316.dir/CheckSymbolExists.cxx.o' failed
make[1]: *** [CMakeFiles/cmTC_1e316.dir/CheckSymbolExists.cxx.o] Error 1
make[1]: Leaving directory '/home/lukey15/Research/iAnt-repo/Experiments_code/CPFA-ARGoS/build/CMakeFiles/CMakeTmp'
Makefile:126: recipe for target 'cmTC_1e316/fast' failed
make: *** [cmTC_1e316/fast] Error 2

File /home/lukey15/Research/iAnt-repo/Experiments_code/CPFA-ARGoS/build/CMakeFiles/CMakeTmp/CheckSymbolExists.cxx:
/* */
#include <QtCore/qglobal.h>

int main(int argc, char** argv)
{
  (void)argv;
#ifndef Q_WS_MAC
  return ((int*)(&Q_WS_MAC))[argc];
#else
  (void)argc;
  return 0;
#endif
}

